Case #1: Chirag Viswanath
Case #2: Aleksandar Aravind Bhuwan Igor
Case #3: Andriy David Dmytro Jan John Slawek
Case #4: Andriy Ekansh Jan Lingjuan Xiao Yingsheng
Case #5: Anshuman Atol Paul Wai
Case #6: Doan Duc Gaurav John John Jordan Liang Rudradev Thomas Viswanath
Case #7: Amol Andrei Andrii Aravind David John Nima Paul Rudradev Vladislav
Case #8: Doan John
Case #9: Anh Luiz Ranjeeth Roman Steaphan Weitao Weitao Zihing
Case #10: Erling Zejia
Case #11: Fabien Weiyan
Case #12: Anil Doan Duc Fabien Manohar Paul Rajat Yintao
Case #13: Atol Bhuwan Lin Nathan Nima Purav Vladislav Voja Yingsheng Zainab
Case #14: Purav Slawek Wai Weiyan
Case #15: Aravind Mehdi Weiyan Xiao
Case #16: Anshuman Manohar Meihong Nima
Case #17: Bhuwan Duc Fabien Meihong Vlad Wai
Case #18: Anil Mehdi Purav Sanjeet
Case #19: Lingjuan Zejia
Case #20: Aravind Ekansh
